2019年08月21日-22:16:09 [stderr] 10028 10027: 黑洞文件打开失败 
2019年08月21日-22:19:44 [stderr] 10182 10181: 修改主进程成功 
2019年08月21日-22:37:23 [stderr] 10777 10776: 修改主进程成功 
2019年08月21日-22:41:03 [stderr] 10998 10997: 修改主进程成功 
2019年08月21日-22:42:20 [stderr] 11058 1462: 修改主进程成功 
2019年08月21日-22:43:05 [stderr] 11119 11118: 修改主进程成功 
2019年08月21日-22:45:03 [stderr] 11188 11187: 修改主进程成功 
2019年08月21日-23:42:17 [stderr] 14478 14477: 修改主进程成功 
2019年08月21日-23:45:03 [stderr] 14641 14640: 修改主进程成功 
2019年08月21日-23:46:46 [stderr] 14723 14722: 修改主进程成功 
2019年08月21日-23:48:08 [stderr] 14797 14796: 修改主进程成功 
2019年08月21日-23:49:45 [stderr] 14870 14869: 修改主进程成功 
2019年08月21日-23:51:38 [stderr] 14946 14945: 修改主进程成功 
2019年08月21日-23:52:40 [stderr] 15008 1462: 修改主进程成功 
2019年08月21日-23:54:50 [stderr] 15093 15092: 修改主进程成功 
2019年08月22日-00:12:15 [stderr] 16460 16459: 修改主进程成功 
2019年08月22日-00:15:41 [stderr] 16661 16660: 修改主进程成功 
2019年08月22日-00:17:23 [stderr] 16734 1462: 修改主进程成功 
2019年08月22日-00:18:39 [stderr] 16782 16781: 修改主进程成功 




2019年08月22日-01:10:20 [stderr] 18589 8438: this is a test cch 5456446 12345.123450000
2019年08月22日-01:10:20 [stderr] 18589 8438: this is a test cch 12345.1
2019年08月22日-01:21:37 [stderr] 18987 8438: this is a test cch 12345.123450000
2019年08月22日-01:21:37 [stderr] 18987 8438: this is a test cch 12345.1
2019年08月22日-01:32:42 [stderr] 19501 8438: this is a test cch 12345.123450000
2019年08月22日-01:32:42 [stderr] 19501 8438: this is a test cch 12345.1
2019年08月22日-01:42:18 [stderr] 20074 20073: 修改主进程成功 
2019年08月22日-01:43:47 [stderr] 20152 1462: 修改主进程成功 
2019年08月22日-01:45:05 [stderr] 20201 1462: 修改主进程成功 
2019年08月22日-01:47:38 [stderr] 20310 1462: 修改主进程成功 
2019年08月22日-01:49:35 [stderr] 20393 1462: 修改主进程成功 
2019年08月22日-01:51:53 [stderr] 20476 1462: 修改主进程成功 
2019年08月22日-01:54:22 [stderr] 20576 1462: 修改主进程成功 
2019年08月22日-01:55:49 [stderr] 20634 1462: 修改主进程成功 
2019年08月22日-16:20:14 [stderr] 22647 1462: 修改主进程成功 
2019年08月22日-16:22:15 [stderr] 22669 1462: 修改主进程成功 
2019年08月22日-16:59:54 [stderr] 24673 1462: 修改主进程成功 
2019年08月22日-17:03:27 [stderr] 24910 1462: 修改主进程成功 
2019年08月22日-17:07:23 [stderr] 25175 1462: 修改主进程成功 
2019年08月22日-17:08:11 [stderr] 25185 1462: 修改主进程成功 
2019年08月22日-23:57:32 [stderr] 28975 28974: 修改主进程成功 
2019年08月23日-00:00:13 [stderr] 29180 29179: 修改主进程成功 
2019年08月23日-00:02:55 [stderr] 29339 29338: 修改主进程成功 
2019年08月23日-00:03:41 [notice] 29339 1462: 收到SIGHUP信号，__sigchld()启动
2019年08月23日-00:05:22 [stderr] 29420 29419: 修改主进程成功 
2019年08月23日-00:05:38 [notice] 29420 1462: 收到SIGHUP信号，__sigchld()启动
2019年08月23日-00:13:51 [stderr] 29948 29947: 修改主进程成功 
2019年08月23日-00:14:19 [notice] 29948 1462: 收到SIGHUP信号，__sigchld()启动
2019年08月23日-00:15:56 [notice] 29948 1462: 收到SIGHUP信号，__sigchld()启动
2019年08月23日-00:18:31 [stderr] 30090 30089: 修改主进程成功 
2019年08月23日-00:19:10 [stderr] 30146 30145: 修改主进程成功 
2019年08月23日-00:19:29 [notice] 30146 1462: 收到SIGHUP信号，__sigchld()启动
2019年08月23日-00:20:54 [stderr] 30232 30231: 修改主进程成功 
2019年08月23日-00:21:07 [notice] 30232 1462: 收到SIGHUP信号，__sigchld()启动
2019年08月23日-00:21:36 [notice] 30232 1462: 收到SIGHUP信号，__sigchld()启动
2019年08月23日-00:31:39 [stderr] 30338 1462: 修改主进程成功 
2019年08月23日-00:35:22 [stderr] 30457 1462: 修改主进程成功 
2019年09月04日-17:15:13 [stderr] 18734 18733: 修改主进程成功 
2019年09月04日-17:20:37 [stderr] 18906 18905: 修改主进程成功 
2019年09月04日-17:22:56 [error] 19030 17775: socket成功
2019年09月04日-17:22:56 [error] 19030 17775: bind失败
2019年09月04日-17:26:06 [error] 19222 17775: socket成功
2019年09月04日-17:26:06 [error] 19222 17775: bind失败
2019年09月04日-17:26:19 [error] 19270 17775: socket成功
2019年09月04日-17:26:19 [error] 19270 17775: bind失败，socket：4，port：80
2019年09月04日-17:26:47 [error] 19272 17775: socket成功
2019年09月04日-17:26:47 [error] 19272 17775: bind失败，socket：4，port：80
2019年09月04日-17:27:05 [error] 19275 17775: socket成功
2019年09月04日-17:27:05 [error] 19275 17775: bind失败，socket：4，port：433
2019年09月04日-17:30:28 [error] 19307 19306: socket成功
2019年09月04日-17:30:28 [error] 19307 19306: bind成功
2019年09月04日-17:30:28 [error] 19307 19306: listen成功
2019年09月04日-17:30:28 [error] 19307 19306: socket成功
2019年09月04日-17:30:28 [error] 19307 19306: bind成功
2019年09月04日-17:30:28 [error] 19307 19306: listen成功
2019年09月04日-17:30:28 [stderr] 19308 19307: 修改主进程成功 
2019年09月04日-17:35:26 [error] 19484 17775: socket成功
2019年09月04日-17:35:26 [error] 19484 17775: bind失败，socket：4，port：433
2019年09月04日-17:35:45 [debug] 19527 19526: socket成功
2019年09月04日-17:35:45 [debug] 19527 19526: bind成功
2019年09月04日-17:35:45 [debug] 19527 19526: listen成功
2019年09月04日-17:35:45 [debug] 19527 19526: socket成功
2019年09月04日-17:35:45 [debug] 19527 19526: bind成功
2019年09月04日-17:35:45 [debug] 19527 19526: listen成功
2019年09月04日-17:35:45 [stderr] 19528 19527: 修改主进程成功 
2019年09月04日-17:39:53 [debug] 19663 19662: socket成功
2019年09月04日-17:39:53 [error] 19663 19662: bind失败，socket：4，port：433
2019年09月04日-17:40:01 [debug] 19669 19668: socket成功
2019年09月04日-17:40:01 [error] 19669 19668: bind失败，socket：4，port：433
2019年09月04日-17:41:13 [debug] 19730 19729: socket成功
2019年09月04日-17:41:13 [debug] 19730 19729: bind成功
2019年09月04日-17:41:13 [debug] 19730 19729: listen成功
2019年09月04日-17:41:13 [debug] 19730 19729: socket成功
2019年09月04日-17:41:13 [debug] 19730 19729: bind成功
2019年09月04日-17:41:13 [debug] 19730 19729: listen成功
2019年09月04日-17:41:13 [stderr] 19731 19730: 修改主进程成功 
2019年09月04日-17:41:43 [debug] 19753 19752: socket成功
2019年09月04日-17:41:43 [error] 19753 19752: bind失败，socket：4，port：433
2019年09月04日-17:42:31 [debug] 19764 19763: socket成功
2019年09月04日-17:42:31 [debug] 19764 19763: bind成功
2019年09月04日-17:42:31 [debug] 19764 19763: listen成功
2019年09月04日-17:42:31 [debug] 19764 19763: socket成功
2019年09月04日-17:42:31 [debug] 19764 19763: bind成功
2019年09月04日-17:42:31 [debug] 19764 19763: listen成功
2019年09月04日-17:42:31 [stderr] 19765 3880: 修改主进程成功 
2019年09月04日-17:44:50 [debug] 19849 19848: socket成功
2019年09月04日-17:44:50 [debug] 19849 19848: bind成功，socket：4，port：433
2019年09月04日-17:44:50 [debug] 19849 19848: listen成功
2019年09月04日-17:44:50 [debug] 19849 19848: socket成功
2019年09月04日-17:44:50 [debug] 19849 19848: bind成功，socket：5，port：43310000
2019年09月04日-17:44:50 [debug] 19849 19848: listen成功
2019年09月04日-17:44:50 [stderr] 19850 19849: 修改主进程成功 
2019年09月04日-17:46:31 [debug] 19919 19918: socket成功
2019年09月04日-17:46:31 [debug] 19919 19918: bind成功，socket：4，port：433
2019年09月04日-17:46:31 [debug] 19919 19918: listen成功
2019年09月04日-17:46:31 [debug] 19919 19918: socket成功
2019年09月04日-17:46:31 [debug] 19919 19918: bind成功，socket：5，port：10000
2019年09月04日-17:46:31 [debug] 19919 19918: listen成功
2019年09月04日-17:46:31 [stderr] 19920 19919: 修改主进程成功 
2019年09月04日-17:49:29 [debug] 20011 20010: socket成功
2019年09月04日-17:49:29 [debug] 20011 20010: bind成功，socket：4，port：433
2019年09月04日-17:49:29 [debug] 20011 20010: listen成功
2019年09月04日-17:49:29 [debug] 20011 20010: socket成功
2019年09月04日-17:49:29 [debug] 20011 20010: bind成功，socket：5，port：10000
2019年09月04日-17:49:29 [debug] 20011 20010: listen成功
2019年09月04日-17:49:29 [stderr] 20012 20011: 修改主进程成功 
2019年09月04日-17:49:44 [debug] 20023 20022: socket成功
2019年09月04日-17:49:44 [error] 20023 20022: bind失败，socket：4，port：433
2019年09月04日-17:50:32 [debug] 20112 20111: socket成功
2019年09月04日-17:50:32 [error] 20112 20111: bind失败，socket：4，port：433，端口已被使用
2019年09月04日-17:52:18 [debug] 20158 20157: socket成功
2019年09月04日-17:52:18 [debug] 20158 20157: bind成功，socket：4，port：433
2019年09月04日-17:52:18 [debug] 20158 20157: listen成功
2019年09月04日-17:52:18 [debug] 20158 20157: socket成功
2019年09月04日-17:52:18 [debug] 20158 20157: bind成功，socket：5，port：10000
2019年09月04日-17:52:18 [debug] 20158 20157: listen成功
2019年09月04日-17:52:18 [debug] 20158 20157: socket成功
2019年09月04日-17:52:18 [debug] 20158 20157: bind成功，socket：6，port：10001
2019年09月04日-17:52:18 [debug] 20158 20157: listen成功
2019年09月04日-17:52:18 [stderr] 20159 3880: 修改主进程成功 
2019年09月04日-17:56:04 [debug] 20259 20258: socket成功
2019年09月04日-17:56:04 [debug] 20259 20258: bind成功，socket：4，port：433
2019年09月04日-17:56:04 [debug] 20259 20258: listen成功
2019年09月04日-17:56:04 [debug] 20259 20258: socket成功
2019年09月04日-17:56:04 [debug] 20259 20258: bind成功，socket：5，port：10000
2019年09月04日-17:56:04 [debug] 20259 20258: listen成功
2019年09月04日-17:56:04 [debug] 20259 20258: socket成功
2019年09月04日-17:56:04 [debug] 20259 20258: bind成功，socket：6，port：10001
2019年09月04日-17:56:04 [debug] 20259 20258: listen成功
2019年09月04日-17:56:04 [stderr] 20260 20259: 修改主进程成功 
2019年09月04日-17:56:50 [debug] 20337 20336: socket成功
2019年09月04日-17:56:50 [error] 20337 20336: bind失败，socket：4，port：433，端口已被使用
2019年09月04日-17:57:04 [debug] 20344 20343: socket成功
2019年09月04日-17:57:04 [debug] 20344 20343: bind成功，socket：4，port：433
2019年09月04日-17:57:04 [debug] 20344 20343: listen成功
2019年09月04日-17:57:04 [debug] 20344 20343: socket成功
2019年09月04日-17:57:04 [debug] 20344 20343: bind成功，socket：5，port：10000
2019年09月04日-17:57:04 [debug] 20344 20343: listen成功
2019年09月04日-17:57:04 [debug] 20344 20343: socket成功
2019年09月04日-17:57:04 [debug] 20344 20343: bind成功，socket：6，port：10001
2019年09月04日-17:57:04 [debug] 20344 20343: listen成功
2019年09月04日-17:57:04 [stderr] 20345 20344: 修改主进程成功 
2019年09月04日-17:59:02 [debug] 20421 20420: socket成功
2019年09月04日-17:59:02 [debug] 20421 20420: bind成功，socket：4，port：2
2019年09月04日-17:59:02 [debug] 20421 20420: listen成功
2019年09月04日-17:59:02 [debug] 20421 20420: socket成功
2019年09月04日-17:59:02 [debug] 20421 20420: bind成功，socket：5，port：433
2019年09月04日-17:59:02 [debug] 20421 20420: listen成功
2019年09月04日-17:59:02 [debug] 20421 20420: socket成功
2019年09月04日-17:59:02 [debug] 20421 20420: bind成功，socket：6，port：10001
2019年09月04日-17:59:02 [debug] 20421 20420: listen成功
2019年09月04日-17:59:02 [stderr] 20422 20421: 修改主进程成功 
2019年09月04日-18:00:18 [debug] 20487 20486: socket成功
2019年09月04日-18:00:18 [error] 20487 20486: bind失败，socket：4，port：433，端口已被使用
2019年09月04日-18:00:38 [debug] 20495 20494: socket成功
2019年09月04日-18:00:38 [debug] 20495 20494: bind成功，socket：4，port：433
2019年09月04日-18:00:38 [debug] 20495 20494: listen成功
2019年09月04日-18:00:38 [debug] 20495 20494: socket成功
2019年09月04日-18:00:38 [debug] 20495 20494: bind成功，socket：5，port：10000
2019年09月04日-18:00:38 [debug] 20495 20494: listen成功
2019年09月04日-18:00:38 [stderr] 20496 20495: 修改主进程成功 
2019年09月04日-18:01:20 [debug] 20526 20525: socket成功
2019年09月04日-18:01:20 [error] 20526 20525: bind失败，socket：4，port：433，端口已被使用
2019年09月04日-18:04:05 [debug] 20682 20681: socket建立成功
2019年09月04日-18:04:05 [debug] 20682 20681: bind成功，socket：4，port：433
2019年09月04日-18:04:05 [debug] 20682 20681: listen成功
2019年09月04日-18:04:05 [debug] 20682 20681: socket建立成功
2019年09月04日-18:04:05 [debug] 20682 20681: bind成功，socket：5，port：10000
2019年09月04日-18:04:05 [debug] 20682 20681: listen成功
2019年09月04日-18:04:05 [stderr] 20683 20682: 修改主进程成功 
2019年09月04日-18:08:25 [debug] 20828 20827: socket建立成功
2019年09月04日-18:08:25 [debug] 20828 20827: bind成功，socket：4，port：433
2019年09月04日-18:08:25 [debug] 20828 20827: listen成功
2019年09月04日-18:08:25 [debug] 20828 20827: socket建立成功
2019年09月04日-18:08:25 [debug] 20828 20827: bind成功，socket：5，port：10000
2019年09月04日-18:08:25 [debug] 20828 20827: listen成功
2019年09月04日-18:08:25 [stderr] 20829 20828: 修改主进程成功 
2019年09月04日-18:09:48 [debug] 20949 20948: socket建立成功
2019年09月04日-18:09:48 [error] 20949 20948: bind失败，socket：4，port：433，端口已被使用
2019年09月04日-18:10:34 [debug] 20955 20954: socket建立成功
2019年09月04日-18:10:34 [debug] 20955 20954: bind成功，socket：4，port：433
2019年09月04日-18:10:34 [debug] 20955 20954: listen成功
2019年09月04日-18:10:34 [debug] 20955 20954: socket建立成功
2019年09月04日-18:10:34 [debug] 20955 20954: bind成功，socket：5，port：10000
2019年09月04日-18:10:34 [debug] 20955 20954: listen成功
2019年09月04日-18:11:33 [debug] 20975 20974: socket建立成功
2019年09月04日-18:11:33 [debug] 20975 20974: bind成功，socket：4，port：433
2019年09月04日-18:11:33 [debug] 20975 20974: listen成功
2019年09月04日-18:11:33 [debug] 20975 20974: socket建立成功
2019年09月04日-18:11:33 [debug] 20975 20974: bind成功，socket：5，port：10000
2019年09月04日-18:11:33 [debug] 20975 20974: listen成功
2019年09月04日-18:11:51 [debug] 21019 21018: socket建立成功
2019年09月04日-18:11:51 [debug] 21019 21018: bind成功，socket：4，port：433
2019年09月04日-18:11:51 [debug] 21019 21018: listen成功
2019年09月04日-18:11:51 [debug] 21019 21018: socket建立成功
2019年09月04日-18:11:51 [debug] 21019 21018: bind成功，socket：5，port：10000
2019年09月04日-18:11:51 [debug] 21019 21018: listen成功
2019年09月04日-18:21:54 [debug] 21528 21527: socket建立成功
2019年09月04日-18:21:54 [debug] 21528 21527: bind成功，socket：4，port：433
2019年09月04日-18:21:54 [debug] 21528 21527: listen成功
2019年09月04日-18:21:54 [debug] 21528 21527: socket建立成功
2019年09月04日-18:21:54 [debug] 21528 21527: bind成功，socket：5，port：10000
2019年09月04日-18:21:54 [debug] 21528 21527: listen成功
2019年09月04日-18:21:54 [stderr] 21529 21528: 修改主进程成功 
2019年09月04日-18:28:09 [debug] 21713 21712: socket建立成功
2019年09月04日-18:28:09 [error] 21713 21712: bind失败，socket：4，port：433，端口已被使用
2019年09月04日-18:29:01 [debug] 21731 21730: socket建立成功
2019年09月04日-18:29:01 [debug] 21731 21730: bind成功，socket：4，port：433
2019年09月04日-18:29:01 [debug] 21731 21730: listen成功
2019年09月04日-18:29:01 [debug] 21731 21730: socket建立成功
2019年09月04日-18:29:01 [debug] 21731 21730: bind成功，socket：5，port：10000
2019年09月04日-18:29:01 [debug] 21731 21730: listen成功
2019年09月04日-18:29:01 [stderr] 21732 3880: 修改主进程成功 
2019年09月04日-18:33:19 [debug] 21861 21860: socket建立成功
2019年09月04日-18:33:19 [debug] 21861 21860: bind成功，socket：4，port：433
2019年09月04日-18:33:19 [debug] 21861 21860: listen成功
2019年09月04日-18:33:19 [debug] 21861 21860: socket建立成功
2019年09月04日-18:33:19 [debug] 21861 21860: bind成功，socket：5，port：10000
2019年09月04日-18:33:19 [debug] 21861 21860: listen成功
2019年09月04日-18:33:19 [stderr] 21862 21861: 修改主进程成功 
2019年09月04日-18:34:42 [info] 21862 3880: 收到SIGUSR1信号，__siguser1()启动
2019年09月04日-18:36:34 [info] 21862 3880: 收到SIGUSR1信号，__siguser1()启动
2019年09月04日-18:36:39 [info] 21862 3880: 收到SIGUSR1信号，__siguser1()启动
2019年09月04日-18:38:05 [debug] 21996 21995: socket建立成功
2019年09月04日-18:38:05 [error] 21996 21995: bind失败，socket：4，port：433，端口已被使用
2019年09月04日-18:38:31 [debug] 22014 22013: socket建立成功
2019年09月04日-18:38:31 [debug] 22014 22013: bind成功，socket：4，port：433
2019年09月04日-18:38:31 [debug] 22014 22013: listen成功
2019年09月04日-18:38:31 [debug] 22014 22013: socket建立成功
2019年09月04日-18:38:31 [debug] 22014 22013: bind成功，socket：5，port：10000
2019年09月04日-18:38:31 [debug] 22014 22013: listen成功
2019年09月04日-18:38:31 [stderr] 22015 22014: 修改主进程成功 
2019年09月04日-18:38:51 [info] 22016 22015: 收到SIGUSR1信号，__siguser1()启动
2019年09月04日-18:40:08 [debug] 22196 22195: socket建立成功
2019年09月04日-18:40:08 [debug] 22196 22195: bind成功，socket：4，port：433
2019年09月04日-18:40:08 [debug] 22196 22195: listen成功
2019年09月04日-18:40:08 [debug] 22196 22195: socket建立成功
2019年09月04日-18:40:08 [debug] 22196 22195: bind成功，socket：5，port：10000
2019年09月04日-18:40:08 [debug] 22196 22195: listen成功
2019年09月04日-18:40:08 [stderr] 22197 22196: 修改主进程成功 
2019年09月04日-18:44:55 [alert] 22463 22462: SIGKILL 设置失败 
2019年09月04日-18:44:55 [debug] 22463 22462: socket建立成功
2019年09月04日-18:44:55 [debug] 22463 22462: bind成功，socket：4，port：433
2019年09月04日-18:44:55 [debug] 22463 22462: listen成功
2019年09月04日-18:44:55 [debug] 22463 22462: socket建立成功
2019年09月04日-18:44:55 [debug] 22463 22462: bind成功，socket：5，port：10000
2019年09月04日-18:44:55 [debug] 22463 22462: listen成功
2019年09月04日-18:44:55 [stderr] 22464 3880: 修改主进程成功 
2019年09月04日-18:45:12 [info] 22464 3880: 收到SIGUSR1信号，__siguser1()启动
2019年09月04日-18:48:32 [alert] 22555 22554: SIGKILL 设置失败 
2019年09月04日-18:48:32 [debug] 22555 22554: socket建立成功
2019年09月04日-18:48:32 [debug] 22555 22554: bind成功，socket：4，port：433
2019年09月04日-18:48:32 [debug] 22555 22554: listen成功
2019年09月04日-18:48:32 [debug] 22555 22554: socket建立成功
2019年09月04日-18:48:32 [debug] 22555 22554: bind成功，socket：5，port：10000
2019年09月04日-18:48:32 [debug] 22555 22554: listen成功
2019年09月04日-18:48:32 [stderr] 22556 22555: 修改主进程成功 
2019年09月04日-22:00:42 [debug] 26004 26003: socket建立成功
2019年09月04日-22:00:42 [error] 26004 26003: bind失败，socket：4，port：433，端口已被使用
2019年09月04日-22:01:53 [debug] 26081 26080: socket建立成功
2019年09月04日-22:01:53 [error] 26081 26080: bind失败，socket：4，port：433，端口已被使用
2019年09月04日-22:02:53 [debug] 26170 26169: socket建立成功
2019年09月04日-22:02:53 [error] 26170 26169: bind失败，socket：4，port：433，端口已被使用
2019年09月04日-22:03:22 [debug] 26184 26183: socket建立成功
2019年09月04日-22:03:22 [error] 26184 26183: bind失败，socket：4，port：433，端口已被使用
2019年09月04日-22:03:23 [debug] 26189 26188: socket建立成功
2019年09月04日-22:03:23 [error] 26189 26188: bind失败，socket：4，port：433，端口已被使用
2019年09月04日-22:03:24 [debug] 26191 26190: socket建立成功
2019年09月04日-22:03:24 [error] 26191 26190: bind失败，socket：4，port：433，端口已被使用
2019年09月04日-22:03:25 [debug] 26193 26192: socket建立成功
2019年09月04日-22:03:25 [error] 26193 26192: bind失败，socket：4，port：433，端口已被使用
2019年09月04日-22:03:25 [debug] 26196 26195: socket建立成功
2019年09月04日-22:03:25 [error] 26196 26195: bind失败，socket：4，port：433，端口已被使用
2019年09月04日-22:03:26 [debug] 26198 26197: socket建立成功
2019年09月04日-22:03:26 [error] 26198 26197: bind失败，socket：4，port：433，端口已被使用
2019年09月04日-22:03:26 [debug] 26200 26199: socket建立成功
2019年09月04日-22:03:26 [error] 26200 26199: bind失败，socket：4，port：433，端口已被使用
2019年09月04日-22:03:27 [debug] 26202 26201: socket建立成功
2019年09月04日-22:03:27 [error] 26202 26201: bind失败，socket：4，port：433，端口已被使用
2019年09月04日-22:03:27 [debug] 26204 26203: socket建立成功
2019年09月04日-22:03:27 [error] 26204 26203: bind失败，socket：4，port：433，端口已被使用
2019年09月04日-22:03:28 [debug] 26206 26205: socket建立成功
2019年09月04日-22:03:28 [error] 26206 26205: bind失败，socket：4，port：433，端口已被使用
2019年09月04日-22:03:29 [debug] 26208 26207: socket建立成功
2019年09月04日-22:03:29 [error] 26208 26207: bind失败，socket：4，port：433，端口已被使用
2019年09月04日-22:03:29 [debug] 26210 26209: socket建立成功
2019年09月04日-22:03:29 [error] 26210 26209: bind失败，socket：4，port：433，端口已被使用
2019年09月04日-22:04:27 [debug] 26280 26279: socket建立成功
2019年09月04日-22:04:27 [error] 26280 26279: bind失败，socket：4，port：433，端口已被使用
2019年09月04日-22:05:13 [debug] 26343 26342: socket建立成功
2019年09月04日-22:05:13 [error] 26343 26342: bind失败，socket：4，port：433，端口已被使用
2019年09月04日-22:07:52 [debug] 26432 26431: socket建立成功
2019年09月04日-22:07:52 [error] 26432 26431: bind失败，socket：4，port：433，端口已被使用
2019年09月04日-22:15:24 [debug] 27542 27541: socket建立成功
2019年09月04日-22:15:24 [error] 27542 27541: bind失败，socket：4，port：433，端口已被使用
2019年09月04日-22:15:44 [debug] 27586 27585: socket建立成功
2019年09月04日-22:15:44 [error] 27586 27585: bind失败，socket：4，port：433，端口已被使用
2019年09月04日-22:19:40 [debug] 27934 27933: socket建立成功
2019年09月04日-22:19:40 [error] 27934 27933: bind失败，socket：4，port：433，端口已被使用
2019年09月04日-22:20:12 [debug] 27985 27984: socket建立成功
2019年09月04日-22:20:12 [error] 27985 27984: bind失败，socket：4，port：433，端口已被使用
2019年09月04日-22:20:23 [debug] 27997 27996: socket建立成功
2019年09月04日-22:20:23 [error] 27997 27996: bind失败，socket：4，port：433，端口已被使用
2019年09月04日-22:20:25 [debug] 27999 27998: socket建立成功
2019年09月04日-22:20:25 [error] 27999 27998: bind失败，socket：4，port：433，端口已被使用
2019年09月04日-22:21:28 [debug] 28076 28075: socket建立成功
2019年09月04日-22:21:28 [error] 28076 28075: bind失败，socket：4，port：433，端口已被使用
2019年09月04日-22:21:58 [debug] 28132 28131: socket建立成功
2019年09月04日-22:21:58 [error] 28132 28131: bind失败，socket：4，port：433，端口已被使用
2019年09月04日-22:23:38 [debug] 28198 28197: socket建立成功
2019年09月04日-22:23:38 [error] 28198 28197: bind失败，socket：4，port：433，端口已被使用
2019年09月04日-22:29:10 [debug] 28293 28292: socket建立成功
2019年09月04日-22:29:10 [error] 28293 28292: bind失败，socket：4，port：433，端口已被使用
2019年09月04日-22:30:22 [debug] 28404 28403: socket建立成功
2019年09月04日-22:30:22 [error] 28404 28403: bind失败，socket：4，port：433，端口已被使用
2019年09月04日-22:32:44 [debug] 28476 28475: socket建立成功
2019年09月04日-22:32:44 [error] 28476 28475: bind失败，socket：4，port：433，端口已被使用
2019年09月04日-22:33:38 [debug] 28533 28532: socket建立成功
2019年09月04日-22:33:38 [error] 28533 28532: bind失败，socket：4，port：433，端口已被使用
2019年09月04日-22:34:39 [debug] 28583 28582: socket建立成功
2019年09月04日-22:34:39 [error] 28583 28582: bind失败，socket：4，port：433，端口已被使用
2019年09月04日-22:36:17 [debug] 28639 28638: socket建立成功
2019年09月04日-22:36:17 [error] 28639 28638: bind失败，socket：4，port：433，端口已被使用
2019年09月04日-22:36:27 [debug] 28685 28684: socket建立成功
2019年09月04日-22:36:27 [error] 28685 28684: bind失败，socket：4，port：433，端口已被使用
2019年09月04日-22:37:15 [debug] 28746 28745: socket建立成功
2019年09月04日-22:37:15 [error] 28746 28745: bind失败，socket：4，port：433，端口已被使用
2019年09月04日-22:37:31 [debug] 28796 28795: socket建立成功
2019年09月04日-22:37:31 [error] 28796 28795: bind失败，socket：4，port：433，端口已被使用
2019年09月06日-14:31:25 [debug] 4628 4563: socket建立成功
2019年09月06日-14:31:25 [error] 4628 4563: bind失败，socket：4，port：433，端口已被使用
2019年09月06日-14:31:51 [debug] 4673 4563: socket建立成功
2019年09月06日-14:31:51 [error] 4673 4563: bind失败，socket：4，port：433，端口已被使用
2019年09月06日-14:33:43 [debug] 4723 4722: socket建立成功
2019年09月06日-14:33:43 [debug] 4723 4722: bind成功，socket：4，port：433
2019年09月06日-14:33:43 [debug] 4723 4722: listen成功
2019年09月06日-14:33:43 [debug] 4723 4722: socket建立成功
2019年09月06日-14:33:43 [debug] 4723 4722: bind成功，socket：5，port：10000
2019年09月06日-14:33:43 [debug] 4723 4722: listen成功
2019年09月06日-15:57:36 [debug] 11269 11268: bind成功，socket：4，port：433
2019年09月06日-15:57:36 [debug] 11269 11268: bind成功，socket：5，port：10000
2019年09月06日-16:01:26 [debug] 11534 11533: bind成功，socket：4，port：433
2019年09月06日-16:01:26 [debug] 11534 11533: bind成功，socket：5，port：10000
2019年09月06日-16:03:35 [debug] 11581 11580: bind成功，socket：4，port：433
2019年09月06日-16:03:35 [debug] 11581 11580: bind成功，socket：5，port：10000
2019年09月06日-16:04:01 [debug] 11588 11587: bind成功，socket：4，port：433
2019年09月06日-16:04:01 [debug] 11588 11587: bind成功，socket：5，port：10000
2019年09月06日-16:05:37 [debug] 11668 11667: bind成功，socket：4，port：433
2019年09月06日-16:05:37 [debug] 11668 11667: bind成功，socket：5，port：10000
2019年09月06日-16:05:54 [debug] 11673 11672: bind成功，socket：4，port：433
2019年09月06日-16:05:54 [debug] 11673 11672: bind成功，socket：5，port：10000
2019年09月06日-16:06:47 [debug] 11700 11699: bind成功，socket：4，port：433
2019年09月06日-16:06:47 [debug] 11700 11699: bind成功，socket：5，port：10000
2019年09月06日-16:09:51 [debug] 11846 11845: bind成功，socket：4，port：433
2019年09月06日-16:09:51 [debug] 11846 11845: bind成功，socket：5，port：10000
2019年09月06日-16:09:51 [stderr] 11847 2712: 修改主进程成功 
2019年09月06日-16:14:02 [debug] 11922 11921: bind成功，socket：4，port：433
2019年09月06日-16:14:02 [debug] 11922 11921: bind成功，socket：5，port：10000
2019年09月06日-16:14:02 [stderr] 11923 11922: 修改主进程成功 
2019年09月06日-16:17:44 [debug] 12077 12076: bind成功，socket：4，port：433
2019年09月06日-16:17:44 [debug] 12077 12076: bind成功，socket：5，port：10000
2019年09月06日-16:17:44 [stderr] 12078 2712: 修改主进程成功 
2019年09月06日-16:19:16 [error] 12146 12145: bind失败，socket：4，port：433，端口已被使用
2019年09月06日-16:20:14 [debug] 12196 12195: bind成功，socket：4，port：433
2019年09月06日-16:20:14 [debug] 12196 12195: bind成功，socket：5，port：10000
2019年09月06日-16:20:14 [stderr] 12197 2712: 修改主进程成功 
2019年09月06日-16:24:16 [error] 12270 12269: bind失败，socket：4，port：433，端口已被使用
2019年09月06日-16:31:25 [debug] 12355 12354: bind成功，socket：4，port：433
2019年09月06日-16:31:25 [debug] 12355 12354: bind成功，socket：5，port：10000
2019年09月06日-16:31:25 [stderr] 12356 2712: 修改主进程成功 
2019年09月06日-16:34:08 [debug] 12481 12480: bind成功，socket：4，port：433
2019年09月06日-16:34:08 [debug] 12481 12480: 端口433监听成功
2019年09月06日-16:34:08 [debug] 12481 12480: bind成功，socket：5，port：10000
2019年09月06日-16:34:08 [debug] 12481 12480: 端口10000监听成功
2019年09月06日-16:34:08 [stderr] 12482 2712: 修改主进程成功 
2019年09月06日-20:44:10 [error] 14010 14009: bind失败，socket：4，port：433，端口已被使用
2019年09月06日-21:08:30 [debug] 14194 14193: bind成功，socket：4，port：433
2019年09月06日-21:08:30 [debug] 14194 14193: 端口433监听成功
2019年09月06日-21:08:30 [debug] 14194 14193: bind成功，socket：5，port：10000
2019年09月06日-21:08:30 [debug] 14194 14193: 端口10000监听成功
2019年09月06日-21:08:30 [stderr] 14195 2712: 修改主进程成功 
2019年09月06日-21:12:08 [debug] 14511 14510: bind成功，socket：4，port：433
2019年09月06日-21:12:08 [debug] 14511 14510: bind成功，socket：5，port：10000
2019年09月06日-21:12:08 [stderr] 14512 14511: 修改主进程成功 
2019年09月06日-21:13:11 [debug] 14563 14562: bind成功，socket：4，port：433
2019年09月06日-21:13:11 [debug] 14563 14562: bind成功，socket：5，port：10000
2019年09月06日-21:13:11 [stderr] 14564 14563: 修改主进程成功 
2019年09月06日-21:21:04 [debug] 14772 14771: bind成功，socket：4，port：433
2019年09月06日-21:21:04 [debug] 14772 14771: 端口433监听成功
2019年09月06日-21:21:04 [debug] 14772 14771: bind成功，socket：5，port：10000
2019年09月06日-21:21:04 [debug] 14772 14771: 端口10000监听成功
2019年09月06日-21:21:04 [stderr] 14773 14772: 修改主进程成功 
2019年09月06日-21:26:44 [stderr] 14944 2712: 修改主进程成功 
2019年09月06日-21:26:44 [debug] 14944 2712: bind成功，socket：5，port：433
2019年09月06日-21:26:44 [debug] 14944 2712: 端口433监听成功
2019年09月06日-21:26:44 [debug] 14944 2712: bind成功，socket：6，port：10000
2019年09月06日-21:26:44 [debug] 14944 2712: 端口10000监听成功
2019年09月06日-22:06:16 [debug] 15666 4563: bind成功，socket：4，port：9999
2019年09月06日-22:06:16 [debug] 15666 4563: 端口9999监听成功
2019年09月06日-22:06:16 [error] 15666 4563: bind失败，socket：5，port：10000，端口已被使用
2019年09月06日-22:06:59 [debug] 15679 4563: bind成功，socket：4，port：9999
2019年09月06日-22:06:59 [debug] 15679 4563: 端口9999监听成功
2019年09月06日-22:06:59 [debug] 15679 4563: bind成功，socket：5，port：10000
2019年09月06日-22:06:59 [debug] 15679 4563: 端口10000监听成功
2019年09月06日-22:06:59 [stderr] 15680 15679: 修改主进程成功 
2019年09月06日-22:08:51 [debug] 15768 4563: bind成功，socket：4，port：9999
2019年09月06日-22:08:51 [debug] 15768 4563: 端口9999监听成功
2019年09月06日-22:08:51 [debug] 15768 4563: bind成功，socket：5，port：10000
2019年09月06日-22:08:51 [debug] 15768 4563: 端口10000监听成功
2019年09月06日-22:08:51 [stderr] 15769 15768: 修改主进程成功 
